*** Starting uWSGI 2.0.15 (64bit) on [Thu Jun  8 05:22:11 2017] ***
compiled with version: 4.8.5 20150623 (Red Hat 4.8.5-11) on 07 June 2017 21:29:11
os: Linux-3.10.0-514.21.1.el7.x86_64 #1 SMP Thu May 25 17:04:51 UTC 2017
nodename: iZwz9ii0bqlivsnkqukmn5Z
machine: x86_64
clock source: unix
pcre jit disabled
detected number of CPU cores: 1
current working directory: /root/mysite
detected binary path: /usr/local/bin/uwsgi
uWSGI running as root, you can use --uid/--gid/--chroot options
*** WARNING: you are running uWSGI as root !!! (use the --uid flag) *** 
chdir() to /root/mysite
*** WARNING: you are running uWSGI without its master process manager ***
your processes number limit is 7280
your memory page size is 4096 bytes
detected max file descriptor number: 65535
lock engine: pthread robust mutexes
thunder lock: disabled (you can enable it with --thunder-lock)
uwsgi socket 0 bound to TCP address :8044 fd 3
Python version: 3.6.1 (default, May  9 2017, 21:58:22)  [GCC 4.8.5 20150623 (Red Hat 4.8.5-11)]
*** Python threads support is disabled. You can enable it with --enable-threads ***
Python main interpreter initialized at 0x1612ac0
your server socket listen backlog is limited to 100 connections
your mercy for graceful operations on workers is 60 seconds
mapped 291072 bytes (284 KB) for 4 cores
*** Operational MODE: preforking ***
WSGI app 0 (mountpoint='') ready in 1 seconds on interpreter 0x1612ac0 pid: 2682 (default app)
*** uWSGI is running in multiple interpreter mode ***
spawned uWSGI worker 1 (pid: 2682, cores: 1)
spawned uWSGI worker 2 (pid: 2685, cores: 1)
spawned uWSGI worker 3 (pid: 2686, cores: 1)
spawned uWSGI worker 4 (pid: 2687, cores: 1)
invalid request block size: 21573 (max 4096)...skip
Gracefully killing worker 2 (pid: 2685)...
Gracefully killing worker 1 (pid: 2682)...
Gracefully killing worker 4 (pid: 2687)...
Gracefully killing worker 3 (pid: 2686)...
*** Starting uWSGI 2.0.15 (64bit) on [Thu Jun  8 05:32:48 2017] ***
compiled with version: 4.8.5 20150623 (Red Hat 4.8.5-11) on 07 June 2017 21:29:11
os: Linux-3.10.0-514.21.1.el7.x86_64 #1 SMP Thu May 25 17:04:51 UTC 2017
nodename: iZwz9ii0bqlivsnkqukmn5Z
machine: x86_64
clock source: unix
pcre jit disabled
detected number of CPU cores: 1
current working directory: /root/mysite
detected binary path: /usr/local/bin/uwsgi
uWSGI running as root, you can use --uid/--gid/--chroot options
*** WARNING: you are running uWSGI as root !!! (use the --uid flag) *** 
chdir() to /root/mysite
*** WARNING: you are running uWSGI without its master process manager ***
your processes number limit is 7280
your memory page size is 4096 bytes
detected max file descriptor number: 65535
lock engine: pthread robust mutexes
thunder lock: disabled (you can enable it with --thunder-lock)
uwsgi socket 0 bound to TCP address :8044 fd 3
Python version: 3.6.1 (default, May  9 2017, 21:58:22)  [GCC 4.8.5 20150623 (Red Hat 4.8.5-11)]
*** Python threads support is disabled. You can enable it with --enable-threads ***
Python main interpreter initialized at 0x102fac0
your server socket listen backlog is limited to 100 connections
your mercy for graceful operations on workers is 60 seconds
mapped 291072 bytes (284 KB) for 4 cores
*** Operational MODE: preforking ***
WSGI app 0 (mountpoint='') ready in 1 seconds on interpreter 0x102fac0 pid: 2411 (default app)
*** uWSGI is running in multiple interpreter mode ***
spawned uWSGI worker 1 (pid: 2411, cores: 1)
spawned uWSGI worker 2 (pid: 2413, cores: 1)
spawned uWSGI worker 3 (pid: 2414, cores: 1)
spawned uWSGI worker 4 (pid: 2415, cores: 1)
invalid request block size: 21573 (max 4096)...skip
*** Starting uWSGI 2.0.15 (64bit) on [Thu Jun  8 05:50:00 2017] ***
compiled with version: 4.8.5 20150623 (Red Hat 4.8.5-11) on 07 June 2017 21:29:11
os: Linux-3.10.0-514.21.1.el7.x86_64 #1 SMP Thu May 25 17:04:51 UTC 2017
nodename: iZwz9ii0bqlivsnkqukmn5Z
machine: x86_64
clock source: unix
pcre jit disabled
detected number of CPU cores: 1
current working directory: /root/mysite
detected binary path: /usr/local/bin/uwsgi
uWSGI running as root, you can use --uid/--gid/--chroot options
*** WARNING: you are running uWSGI as root !!! (use the --uid flag) *** 
chdir() to /root/mysite
*** WARNING: you are running uWSGI without its master process manager ***
your processes number limit is 7280
your memory page size is 4096 bytes
detected max file descriptor number: 65535
lock engine: pthread robust mutexes
thunder lock: disabled (you can enable it with --thunder-lock)
uwsgi socket 0 bound to TCP address 120.76.145.62:8044 fd 3
Python version: 3.6.1 (default, May  9 2017, 21:58:22)  [GCC 4.8.5 20150623 (Red Hat 4.8.5-11)]
*** Python threads support is disabled. You can enable it with --enable-threads ***
Python main interpreter initialized at 0x257ace0
your server socket listen backlog is limited to 100 connections
your mercy for graceful operations on workers is 60 seconds
mapped 72768 bytes (71 KB) for 1 cores
*** Operational MODE: single process ***
ModuleNotFoundError: No module named '/root/mysite/mysite/django_wsgi'
unable to load app 0 (mountpoint='') (callable not found or import error)
*** no app loaded. going in full dynamic mode ***
*** uWSGI is running in multiple interpreter mode ***
spawned uWSGI worker 1 (and the only) (pid: 2513, cores: 1)
invalid request block size: 21573 (max 4096)...skip
*** Starting uWSGI 2.0.15 (64bit) on [Thu Jun  8 05:54:33 2017] ***
compiled with version: 4.8.5 20150623 (Red Hat 4.8.5-11) on 07 June 2017 21:29:11
os: Linux-3.10.0-514.21.1.el7.x86_64 #1 SMP Thu May 25 17:04:51 UTC 2017
nodename: iZwz9ii0bqlivsnkqukmn5Z
machine: x86_64
clock source: unix
pcre jit disabled
detected number of CPU cores: 1
current working directory: /root/mysite
detected binary path: /usr/local/bin/uwsgi
uWSGI running as root, you can use --uid/--gid/--chroot options
*** WARNING: you are running uWSGI as root !!! (use the --uid flag) *** 
chdir() to /root/mysite
*** WARNING: you are running uWSGI without its master process manager ***
your processes number limit is 7280
your memory page size is 4096 bytes
detected max file descriptor number: 65535
lock engine: pthread robust mutexes
thunder lock: disabled (you can enable it with --thunder-lock)
uwsgi socket 0 bound to TCP address 120.76.145.62:8044 fd 3
Python version: 3.6.1 (default, May  9 2017, 21:58:22)  [GCC 4.8.5 20150623 (Red Hat 4.8.5-11)]
*** Python threads support is disabled. You can enable it with --enable-threads ***
Python main interpreter initialized at 0x1797cc0
your server socket listen backlog is limited to 100 connections
your mercy for graceful operations on workers is 60 seconds
mapped 72768 bytes (71 KB) for 1 cores
*** Operational MODE: single process ***
ModuleNotFoundError: No module named '/root/mysite/django_wsgi'
unable to load app 0 (mountpoint='') (callable not found or import error)
*** no app loaded. going in full dynamic mode ***
*** uWSGI is running in multiple interpreter mode ***
spawned uWSGI worker 1 (and the only) (pid: 2542, cores: 1)
*** Starting uWSGI 2.0.15 (64bit) on [Thu Jun  8 05:57:44 2017] ***
compiled with version: 4.8.5 20150623 (Red Hat 4.8.5-11) on 07 June 2017 21:29:11
os: Linux-3.10.0-514.21.1.el7.x86_64 #1 SMP Thu May 25 17:04:51 UTC 2017
nodename: iZwz9ii0bqlivsnkqukmn5Z
machine: x86_64
clock source: unix
pcre jit disabled
detected number of CPU cores: 1
current working directory: /root/mysite
detected binary path: /usr/local/bin/uwsgi
uWSGI running as root, you can use --uid/--gid/--chroot options
*** WARNING: you are running uWSGI as root !!! (use the --uid flag) *** 
chdir() to /root/mysite
*** WARNING: you are running uWSGI without its master process manager ***
your processes number limit is 7280
your memory page size is 4096 bytes
detected max file descriptor number: 65535
lock engine: pthread robust mutexes
thunder lock: disabled (you can enable it with --thunder-lock)
uwsgi socket 0 bound to TCP address 120.76.145.62:8044 fd 3
Python version: 3.6.1 (default, May  9 2017, 21:58:22)  [GCC 4.8.5 20150623 (Red Hat 4.8.5-11)]
*** Python threads support is disabled. You can enable it with --enable-threads ***
Python main interpreter initialized at 0x29b7cc0
your server socket listen backlog is limited to 100 connections
your mercy for graceful operations on workers is 60 seconds
mapped 72768 bytes (71 KB) for 1 cores
*** Operational MODE: single process ***
ModuleNotFoundError: No module named '/root/mysite/mysite/wsgi'
unable to load app 0 (mountpoint='') (callable not found or import error)
*** no app loaded. going in full dynamic mode ***
*** uWSGI is running in multiple interpreter mode ***
spawned uWSGI worker 1 (and the only) (pid: 2563, cores: 1)
invalid request block size: 21573 (max 4096)...skip
*** Starting uWSGI 2.0.15 (64bit) on [Thu Jun  8 06:08:41 2017] ***
compiled with version: 4.8.5 20150623 (Red Hat 4.8.5-11) on 07 June 2017 21:29:11
os: Linux-3.10.0-514.21.1.el7.x86_64 #1 SMP Thu May 25 17:04:51 UTC 2017
nodename: iZwz9ii0bqlivsnkqukmn5Z
machine: x86_64
clock source: unix
pcre jit disabled
detected number of CPU cores: 1
current working directory: /root/mysite
detected binary path: /usr/local/bin/uwsgi
uWSGI running as root, you can use --uid/--gid/--chroot options
*** WARNING: you are running uWSGI as root !!! (use the --uid flag) *** 
chdir() to /root/mysite
*** WARNING: you are running uWSGI without its master process manager ***
your processes number limit is 7280
your memory page size is 4096 bytes
detected max file descriptor number: 65535
lock engine: pthread robust mutexes
thunder lock: disabled (you can enable it with --thunder-lock)
uwsgi socket 0 bound to TCP address 120.76.145.62:8044 fd 3
Python version: 3.6.1 (default, May  9 2017, 21:58:22)  [GCC 4.8.5 20150623 (Red Hat 4.8.5-11)]
*** Python threads support is disabled. You can enable it with --enable-threads ***
Python main interpreter initialized at 0x10f5ce0
your server socket listen backlog is limited to 100 connections
your mercy for graceful operations on workers is 60 seconds
mapped 72768 bytes (71 KB) for 1 cores
*** Operational MODE: single process ***
ModuleNotFoundError: No module named '/root/mysite/mysite/wsgi'
unable to load app 0 (mountpoint='') (callable not found or import error)
*** no app loaded. going in full dynamic mode ***
*** uWSGI is running in multiple interpreter mode ***
spawned uWSGI worker 1 (and the only) (pid: 2641, cores: 1)
*** Starting uWSGI 2.0.15 (64bit) on [Thu Jun  8 06:10:17 2017] ***
compiled with version: 4.8.5 20150623 (Red Hat 4.8.5-11) on 07 June 2017 21:29:11
os: Linux-3.10.0-514.21.1.el7.x86_64 #1 SMP Thu May 25 17:04:51 UTC 2017
nodename: iZwz9ii0bqlivsnkqukmn5Z
machine: x86_64
clock source: unix
pcre jit disabled
detected number of CPU cores: 1
current working directory: /root/mysite
detected binary path: /usr/local/bin/uwsgi
uWSGI running as root, you can use --uid/--gid/--chroot options
*** WARNING: you are running uWSGI as root !!! (use the --uid flag) *** 
chdir() to /root/mysite
*** WARNING: you are running uWSGI without its master process manager ***
your processes number limit is 7280
your memory page size is 4096 bytes
detected max file descriptor number: 65535
lock engine: pthread robust mutexes
thunder lock: disabled (you can enable it with --thunder-lock)
uwsgi socket 0 bound to TCP address 120.76.145.62:8044 fd 3
Python version: 3.6.1 (default, May  9 2017, 21:58:22)  [GCC 4.8.5 20150623 (Red Hat 4.8.5-11)]
*** Python threads support is disabled. You can enable it with --enable-threads ***
Python main interpreter initialized at 0x2a39ce0
your server socket listen backlog is limited to 100 connections
your mercy for graceful operations on workers is 60 seconds
mapped 72768 bytes (71 KB) for 1 cores
*** Operational MODE: single process ***
ModuleNotFoundError: No module named '/root/mysite/django_wsgi'
unable to load app 0 (mountpoint='') (callable not found or import error)
*** no app loaded. going in full dynamic mode ***
*** uWSGI is running in multiple interpreter mode ***
spawned uWSGI worker 1 (and the only) (pid: 2659, cores: 1)
*** Starting uWSGI 2.0.15 (64bit) on [Thu Jun  8 06:12:51 2017] ***
compiled with version: 4.8.5 20150623 (Red Hat 4.8.5-11) on 07 June 2017 21:29:11
os: Linux-3.10.0-514.21.1.el7.x86_64 #1 SMP Thu May 25 17:04:51 UTC 2017
nodename: iZwz9ii0bqlivsnkqukmn5Z
machine: x86_64
clock source: unix
pcre jit disabled
detected number of CPU cores: 1
current working directory: /root/mysite
detected binary path: /usr/local/bin/uwsgi
uWSGI running as root, you can use --uid/--gid/--chroot options
*** WARNING: you are running uWSGI as root !!! (use the --uid flag) *** 
chdir() to /root/mysite
*** WARNING: you are running uWSGI without its master process manager ***
your processes number limit is 7280
your memory page size is 4096 bytes
detected max file descriptor number: 65535
lock engine: pthread robust mutexes
thunder lock: disabled (you can enable it with --thunder-lock)
uwsgi socket 0 bound to TCP address :8044 fd 3
Python version: 3.6.1 (default, May  9 2017, 21:58:22)  [GCC 4.8.5 20150623 (Red Hat 4.8.5-11)]
*** Python threads support is disabled. You can enable it with --enable-threads ***
Python main interpreter initialized at 0x12c3ae0
your server socket listen backlog is limited to 100 connections
your mercy for graceful operations on workers is 60 seconds
mapped 291072 bytes (284 KB) for 4 cores
*** Operational MODE: preforking ***
WSGI app 0 (mountpoint='') ready in 1 seconds on interpreter 0x12c3ae0 pid: 2675 (default app)
*** uWSGI is running in multiple interpreter mode ***
spawned uWSGI worker 1 (pid: 2675, cores: 1)
spawned uWSGI worker 2 (pid: 2677, cores: 1)
spawned uWSGI worker 3 (pid: 2678, cores: 1)
spawned uWSGI worker 4 (pid: 2679, cores: 1)
invalid request block size: 21573 (max 4096)...skip
*** Starting uWSGI 2.0.15 (64bit) on [Thu Jun  8 06:27:22 2017] ***
compiled with version: 4.8.5 20150623 (Red Hat 4.8.5-11) on 07 June 2017 21:29:11
os: Linux-3.10.0-514.21.1.el7.x86_64 #1 SMP Thu May 25 17:04:51 UTC 2017
nodename: iZwz9ii0bqlivsnkqukmn5Z
machine: x86_64
clock source: unix
pcre jit disabled
detected number of CPU cores: 1
current working directory: /root/mysite
detected binary path: /usr/local/bin/uwsgi
uWSGI running as root, you can use --uid/--gid/--chroot options
*** WARNING: you are running uWSGI as root !!! (use the --uid flag) *** 
chdir() to /root/mysite
*** WARNING: you are running uWSGI without its master process manager ***
your processes number limit is 7280
your memory page size is 4096 bytes
detected max file descriptor number: 65535
lock engine: pthread robust mutexes
thunder lock: disabled (you can enable it with --thunder-lock)
uwsgi socket 0 bound to TCP address 120.76.145.62:8044 fd 3
Python version: 3.6.1 (default, May  9 2017, 21:58:22)  [GCC 4.8.5 20150623 (Red Hat 4.8.5-11)]
*** Python threads support is disabled. You can enable it with --enable-threads ***
Python main interpreter initialized at 0x136cd80
your server socket listen backlog is limited to 100 connections
your mercy for graceful operations on workers is 60 seconds
mapped 218304 bytes (213 KB) for 3 cores
*** Operational MODE: preforking ***
WSGI app 0 (mountpoint='') ready in 1 seconds on interpreter 0x136cd80 pid: 2763 (default app)
*** uWSGI is running in multiple interpreter mode ***
spawned uWSGI worker 1 (pid: 2763, cores: 1)
spawned uWSGI worker 2 (pid: 2765, cores: 1)
spawned uWSGI worker 3 (pid: 2766, cores: 1)
invalid request block size: 21573 (max 4096)...skip
*** Starting uWSGI 2.0.15 (64bit) on [Thu Jun  8 06:51:02 2017] ***
compiled with version: 4.8.5 20150623 (Red Hat 4.8.5-11) on 07 June 2017 21:29:11
os: Linux-3.10.0-514.21.1.el7.x86_64 #1 SMP Thu May 25 17:04:51 UTC 2017
nodename: iZwz9ii0bqlivsnkqukmn5Z
machine: x86_64
clock source: unix
pcre jit disabled
detected number of CPU cores: 1
current working directory: /root/mysite
detected binary path: /usr/local/bin/uwsgi
uWSGI running as root, you can use --uid/--gid/--chroot options
*** WARNING: you are running uWSGI as root !!! (use the --uid flag) *** 
chdir() to /root/mysite
your processes number limit is 7280
your memory page size is 4096 bytes
detected max file descriptor number: 65535
lock engine: pthread robust mutexes
thunder lock: disabled (you can enable it with --thunder-lock)
uwsgi socket 0 bound to TCP address 120.76.145.62:8044 fd 3
Python version: 3.6.1 (default, May  9 2017, 21:58:22)  [GCC 4.8.5 20150623 (Red Hat 4.8.5-11)]
*** Python threads support is disabled. You can enable it with --enable-threads ***
Python main interpreter initialized at 0x142aa80
your server socket listen backlog is limited to 100 connections
your mercy for graceful operations on workers is 60 seconds
mapped 363840 bytes (355 KB) for 4 cores
*** Operational MODE: preforking ***
WSGI app 0 (mountpoint='') ready in 0 seconds on interpreter 0x142aa80 pid: 2900 (default app)
*** uWSGI is running in multiple interpreter mode ***
spawned uWSGI master process (pid: 2900)
spawned uWSGI worker 1 (pid: 2902, cores: 1)
spawned uWSGI worker 2 (pid: 2903, cores: 1)
spawned uWSGI worker 3 (pid: 2904, cores: 1)
spawned uWSGI worker 4 (pid: 2905, cores: 1)
invalid request block size: 21573 (max 4096)...skip
...brutally killing workers...
Gracefully killing worker 2 (pid: 2903)...
Gracefully killing worker 1 (pid: 2902)...
Gracefully killing worker 4 (pid: 2905)...
Gracefully killing worker 3 (pid: 2904)...
worker 1 buried after 1 seconds
worker 2 buried after 1 seconds
worker 3 buried after 1 seconds
worker 4 buried after 1 seconds
binary reloading uWSGI...
chdir() to /root/mysite
closing all non-uwsgi socket fds > 2 (max_fd = 65535)...
found fd 3 mapped to socket 0 (120.76.145.62:8044)
running /usr/local/bin/uwsgi
[uWSGI] parsing config file django_socket.xml
*** Starting uWSGI 2.0.15 (64bit) on [Wed Jun  7 22:52:05 2017] ***
compiled with version: 4.8.5 20150623 (Red Hat 4.8.5-11) on 07 June 2017 21:29:11
os: Linux-3.10.0-514.21.1.el7.x86_64 #1 SMP Thu May 25 17:04:51 UTC 2017
nodename: iZwz9ii0bqlivsnkqukmn5Z
machine: x86_64
clock source: unix
pcre jit disabled
detected number of CPU cores: 1
current working directory: /root/mysite
detected binary path: /usr/local/bin/uwsgi
uWSGI running as root, you can use --uid/--gid/--chroot options
*** WARNING: you are running uWSGI as root !!! (use the --uid flag) *** 
chdir() to /root/mysite
your processes number limit is 7280
your memory page size is 4096 bytes
detected max file descriptor number: 65535
lock engine: pthread robust mutexes
thunder lock: disabled (you can enable it with --thunder-lock)
uwsgi socket 0 inherited INET address 120.76.145.62:8044 fd 3
Python version: 3.6.1 (default, May  9 2017, 21:58:22)  [GCC 4.8.5 20150623 (Red Hat 4.8.5-11)]
*** Python threads support is disabled. You can enable it with --enable-threads ***
Python main interpreter initialized at 0x1c6ff80
your server socket listen backlog is limited to 100 connections
your mercy for graceful operations on workers is 60 seconds
mapped 363840 bytes (355 KB) for 4 cores
*** Operational MODE: preforking ***
WSGI app 0 (mountpoint='') ready in 1 seconds on interpreter 0x1c6ff80 pid: 2900 (default app)
*** uWSGI is running in multiple interpreter mode ***
gracefully (RE)spawned uWSGI master process (pid: 2900)
spawned uWSGI worker 1 (pid: 3085, cores: 1)
spawned uWSGI worker 2 (pid: 3086, cores: 1)
spawned uWSGI worker 3 (pid: 3087, cores: 1)
spawned uWSGI worker 4 (pid: 3088, cores: 1)
*** Starting uWSGI 2.0.15 (64bit) on [Thu Jun  8 07:05:23 2017] ***
compiled with version: 4.8.5 20150623 (Red Hat 4.8.5-11) on 07 June 2017 21:29:11
os: Linux-3.10.0-514.21.1.el7.x86_64 #1 SMP Thu May 25 17:04:51 UTC 2017
nodename: iZwz9ii0bqlivsnkqukmn5Z
machine: x86_64
clock source: unix
pcre jit disabled
detected number of CPU cores: 1
current working directory: /root/mysite
detected binary path: /usr/local/bin/uwsgi
uWSGI running as root, you can use --uid/--gid/--chroot options
*** WARNING: you are running uWSGI as root !!! (use the --uid flag) *** 
chdir() to /root/mysite
*** WARNING: you are running uWSGI without its master process manager ***
your processes number limit is 7280
your memory page size is 4096 bytes
detected max file descriptor number: 65535
lock engine: pthread robust mutexes
thunder lock: disabled (you can enable it with --thunder-lock)
uwsgi socket 0 bound to TCP address 120.76.145.62:8044 fd 3
Python version: 3.6.1 (default, May  9 2017, 21:58:22)  [GCC 4.8.5 20150623 (Red Hat 4.8.5-11)]
*** Python threads support is disabled. You can enable it with --enable-threads ***
Python main interpreter initialized at 0x124bd40
your server socket listen backlog is limited to 100 connections
your mercy for graceful operations on workers is 60 seconds
mapped 72768 bytes (71 KB) for 1 cores
*** Operational MODE: single process ***
WSGI app 0 (mountpoint='') ready in 2 seconds on interpreter 0x124bd40 pid: 2453 (default app)
*** uWSGI is running in multiple interpreter mode ***
spawned uWSGI worker 1 (and the only) (pid: 2453, cores: 1)
Not Found: /
[pid: 2453|app: 0|req: 1/1] 61.190.213.238 () {38 vars in 633 bytes} [Wed Jun  7 23:06:03 2017] GET / => generated 2016 bytes in 56 msecs (HTTP/1.1 404) 3 headers in 102 bytes (1 switches on core 0)
Not Found: /favicon.ico
[pid: 2453|app: 0|req: 2/2] 61.190.213.238 () {38 vars in 575 bytes} [Wed Jun  7 23:06:04 2017] GET /favicon.ico => generated 2067 bytes in 7 msecs (HTTP/1.1 404) 3 headers in 102 bytes (1 switches on core 0)
[pid: 2453|app: 0|req: 3/3] 61.190.213.238 () {38 vars in 641 bytes} [Wed Jun  7 23:06:10 2017] GET /blog => generated 0 bytes in 1 msecs (HTTP/1.1 301) 3 headers in 111 bytes (1 switches on core 0)
Not Found: /favicon.ico
[pid: 2453|app: 0|req: 4/4] 61.190.213.238 () {38 vars in 575 bytes} [Wed Jun  7 23:06:11 2017] GET /favicon.ico => generated 2067 bytes in 4 msecs (HTTP/1.1 404) 3 headers in 102 bytes (1 switches on core 0)
Not Found: /
[pid: 2453|app: 0|req: 5/5] 61.190.213.238 () {38 vars in 633 bytes} [Wed Jun  7 23:06:17 2017] GET / => generated 2016 bytes in 4 msecs (HTTP/1.1 404) 3 headers in 102 bytes (1 switches on core 0)
invalid request block size: 21573 (max 4096)...skip
invalid request block size: 21573 (max 4096)...skip
Not Found: /
[pid: 2453|app: 0|req: 6/6] 61.190.213.238 () {38 vars in 633 bytes} [Wed Jun  7 23:09:41 2017] GET / => generated 2016 bytes in 4 msecs (HTTP/1.1 404) 3 headers in 102 bytes (1 switches on core 0)
*** Starting uWSGI 2.0.15 (64bit) on [Thu Jun  8 07:13:09 2017] ***
compiled with version: 4.8.5 20150623 (Red Hat 4.8.5-11) on 07 June 2017 21:29:11
os: Linux-3.10.0-514.21.1.el7.x86_64 #1 SMP Thu May 25 17:04:51 UTC 2017
nodename: iZwz9ii0bqlivsnkqukmn5Z
machine: x86_64
clock source: unix
pcre jit disabled
detected number of CPU cores: 1
current working directory: /root/mysite
detected binary path: /usr/local/bin/uwsgi
uWSGI running as root, you can use --uid/--gid/--chroot options
*** WARNING: you are running uWSGI as root !!! (use the --uid flag) *** 
chdir() to /root/mysite
*** WARNING: you are running uWSGI without its master process manager ***
your processes number limit is 7280
your memory page size is 4096 bytes
detected max file descriptor number: 65535
lock engine: pthread robust mutexes
thunder lock: disabled (you can enable it with --thunder-lock)
uwsgi socket 0 bound to TCP address 120.76.145.62:8044 fd 3
Python version: 3.6.1 (default, May  9 2017, 21:58:22)  [GCC 4.8.5 20150623 (Red Hat 4.8.5-11)]
*** Python threads support is disabled. You can enable it with --enable-threads ***
Python main interpreter initialized at 0x1ca7d40
your server socket listen backlog is limited to 100 connections
your mercy for graceful operations on workers is 60 seconds
mapped 72768 bytes (71 KB) for 1 cores
*** Operational MODE: single process ***
WSGI app 0 (mountpoint='') ready in 3 seconds on interpreter 0x1ca7d40 pid: 2390 (default app)
*** uWSGI is running in multiple interpreter mode ***
spawned uWSGI worker 1 (and the only) (pid: 2390, cores: 1)
Not Found: /
[pid: 2390|app: 0|req: 1/1] 61.190.213.238 () {42 vars in 692 bytes} [Wed Jun  7 23:13:13 2017] GET / => generated 2016 bytes in 35 msecs (HTTP/1.1 404) 3 headers in 102 bytes (1 switches on core 0)
Not Found: /favicon.ico
[pid: 2390|app: 0|req: 2/2] 61.190.213.238 () {40 vars in 614 bytes} [Wed Jun  7 23:13:14 2017] GET /favicon.ico => generated 2067 bytes in 4 msecs (HTTP/1.1 404) 3 headers in 102 bytes (1 switches on core 0)
[pid: 2390|app: 0|req: 3/3] 61.190.213.238 () {40 vars in 669 bytes} [Wed Jun  7 23:13:20 2017] GET /blog => generated 0 bytes in 1 msecs (HTTP/1.1 301) 3 headers in 111 bytes (1 switches on core 0)
Not Found: /favicon.ico
[pid: 2390|app: 0|req: 4/4] 61.190.213.238 () {40 vars in 619 bytes} [Wed Jun  7 23:13:20 2017] GET /favicon.ico => generated 2067 bytes in 4 msecs (HTTP/1.1 404) 3 headers in 102 bytes (1 switches on core 0)
Not Found: /
[pid: 2390|app: 0|req: 5/5] 61.190.213.238 () {42 vars in 692 bytes} [Wed Jun  7 23:23:48 2017] GET / => generated 2016 bytes in 4 msecs (HTTP/1.1 404) 3 headers in 102 bytes (1 switches on core 0)
*** Starting uWSGI 2.0.15 (64bit) on [Thu Jun  8 07:32:11 2017] ***
compiled with version: 4.8.5 20150623 (Red Hat 4.8.5-11) on 07 June 2017 21:29:11
os: Linux-3.10.0-514.21.1.el7.x86_64 #1 SMP Thu May 25 17:04:51 UTC 2017
nodename: iZwz9ii0bqlivsnkqukmn5Z
machine: x86_64
clock source: unix
pcre jit disabled
detected number of CPU cores: 1
current working directory: /root/mysite
detected binary path: /usr/local/bin/uwsgi
uWSGI running as root, you can use --uid/--gid/--chroot options
*** WARNING: you are running uWSGI as root !!! (use the --uid flag) *** 
chdir() to /root/mysite
*** WARNING: you are running uWSGI without its master process manager ***
your processes number limit is 7280
your memory page size is 4096 bytes
detected max file descriptor number: 65535
lock engine: pthread robust mutexes
thunder lock: disabled (you can enable it with --thunder-lock)
uwsgi socket 0 bound to TCP address 120.76.145.62:8044 fd 3
Python version: 3.6.1 (default, May  9 2017, 21:58:22)  [GCC 4.8.5 20150623 (Red Hat 4.8.5-11)]
*** Python threads support is disabled. You can enable it with --enable-threads ***
Python main interpreter initialized at 0xb14d40
your server socket listen backlog is limited to 100 connections
your mercy for graceful operations on workers is 60 seconds
mapped 72768 bytes (71 KB) for 1 cores
*** Operational MODE: single process ***
WSGI app 0 (mountpoint='') ready in 1 seconds on interpreter 0xb14d40 pid: 2499 (default app)
*** uWSGI is running in multiple interpreter mode ***
spawned uWSGI worker 1 (and the only) (pid: 2499, cores: 1)
Not Found: /
[pid: 2499|app: 0|req: 1/1] 61.190.213.238 () {42 vars in 692 bytes} [Wed Jun  7 23:32:19 2017] GET / => generated 2016 bytes in 10 msecs (HTTP/1.1 404) 3 headers in 102 bytes (1 switches on core 0)
Not Found: /favicon.ico
[pid: 2499|app: 0|req: 2/2] 61.190.213.238 () {40 vars in 619 bytes} [Wed Jun  7 23:32:26 2017] GET /favicon.ico => generated 2067 bytes in 4 msecs (HTTP/1.1 404) 3 headers in 102 bytes (1 switches on core 0)
Not Found: /
[pid: 2499|app: 0|req: 3/3] 61.190.213.238 () {38 vars in 633 bytes} [Wed Jun  7 23:32:41 2017] GET / => generated 2016 bytes in 7 msecs (HTTP/1.1 404) 3 headers in 102 bytes (1 switches on core 0)
Not Found: /
[pid: 2499|app: 0|req: 4/4] 61.190.213.238 () {38 vars in 633 bytes} [Wed Jun  7 23:32:50 2017] GET / => generated 2016 bytes in 4 msecs (HTTP/1.1 404) 3 headers in 102 bytes (1 switches on core 0)
*** Starting uWSGI 2.0.15 (64bit) on [Thu Jun  8 07:36:13 2017] ***
compiled with version: 4.8.5 20150623 (Red Hat 4.8.5-11) on 07 June 2017 21:29:11
os: Linux-3.10.0-514.21.1.el7.x86_64 #1 SMP Thu May 25 17:04:51 UTC 2017
nodename: iZwz9ii0bqlivsnkqukmn5Z
machine: x86_64
clock source: unix
pcre jit disabled
detected number of CPU cores: 1
current working directory: /root/mysite
detected binary path: /usr/local/bin/uwsgi
uWSGI running as root, you can use --uid/--gid/--chroot options
*** WARNING: you are running uWSGI as root !!! (use the --uid flag) *** 
chdir() to /root/mysite
*** WARNING: you are running uWSGI without its master process manager ***
your processes number limit is 7280
your memory page size is 4096 bytes
detected max file descriptor number: 65535
lock engine: pthread robust mutexes
thunder lock: disabled (you can enable it with --thunder-lock)
uwsgi socket 0 bound to TCP address 120.76.145.62:8044 fd 3
Python version: 3.6.1 (default, May  9 2017, 21:58:22)  [GCC 4.8.5 20150623 (Red Hat 4.8.5-11)]
*** Python threads support is disabled. You can enable it with --enable-threads ***
Python main interpreter initialized at 0x1715d40
your server socket listen backlog is limited to 100 connections
your mercy for graceful operations on workers is 60 seconds
mapped 72768 bytes (71 KB) for 1 cores
*** Operational MODE: single process ***
WSGI app 0 (mountpoint='') ready in 1 seconds on interpreter 0x1715d40 pid: 2524 (default app)
*** uWSGI is running in multiple interpreter mode ***
spawned uWSGI worker 1 (and the only) (pid: 2524, cores: 1)
Not Found: /
[pid: 2524|app: 0|req: 1/1] 61.190.213.238 () {38 vars in 633 bytes} [Wed Jun  7 23:36:18 2017] GET / => generated 2016 bytes in 10 msecs (HTTP/1.1 404) 3 headers in 102 bytes (1 switches on core 0)
*** Starting uWSGI 2.0.15 (64bit) on [Thu Jun  8 07:37:28 2017] ***
compiled with version: 4.8.5 20150623 (Red Hat 4.8.5-11) on 07 June 2017 21:29:11
os: Linux-3.10.0-514.21.1.el7.x86_64 #1 SMP Thu May 25 17:04:51 UTC 2017
nodename: iZwz9ii0bqlivsnkqukmn5Z
machine: x86_64
clock source: unix
pcre jit disabled
detected number of CPU cores: 1
current working directory: /root/mysite
detected binary path: /usr/local/bin/uwsgi
uWSGI running as root, you can use --uid/--gid/--chroot options
*** WARNING: you are running uWSGI as root !!! (use the --uid flag) *** 
chdir() to /root/mysite
*** WARNING: you are running uWSGI without its master process manager ***
your processes number limit is 7280
your memory page size is 4096 bytes
detected max file descriptor number: 65535
lock engine: pthread robust mutexes
thunder lock: disabled (you can enable it with --thunder-lock)
uwsgi socket 0 bound to TCP address 120.76.145.62:8044 fd 3
Python version: 3.6.1 (default, May  9 2017, 21:58:22)  [GCC 4.8.5 20150623 (Red Hat 4.8.5-11)]
*** Python threads support is disabled. You can enable it with --enable-threads ***
Python main interpreter initialized at 0x19ded40
your server socket listen backlog is limited to 100 connections
your mercy for graceful operations on workers is 60 seconds
mapped 72768 bytes (71 KB) for 1 cores
*** Operational MODE: single process ***
WSGI app 0 (mountpoint='') ready in 0 seconds on interpreter 0x19ded40 pid: 2538 (default app)
*** uWSGI is running in multiple interpreter mode ***
spawned uWSGI worker 1 (and the only) (pid: 2538, cores: 1)
Not Found: /
[pid: 2538|app: 0|req: 1/1] 61.190.213.238 () {38 vars in 633 bytes} [Wed Jun  7 23:37:43 2017] GET / => generated 2016 bytes in 10 msecs (HTTP/1.1 404) 3 headers in 102 bytes (1 switches on core 0)
Not Found: /
[pid: 2538|app: 0|req: 2/2] 61.190.213.238 () {38 vars in 633 bytes} [Wed Jun  7 23:38:52 2017] GET / => generated 2016 bytes in 4 msecs (HTTP/1.1 404) 3 headers in 102 bytes (1 switches on core 0)
Not Found: /admn
[pid: 2538|app: 0|req: 3/3] 61.190.213.238 () {38 vars in 641 bytes} [Wed Jun  7 23:38:59 2017] GET /admn => generated 2046 bytes in 4 msecs (HTTP/1.1 404) 3 headers in 102 bytes (1 switches on core 0)
[pid: 2538|app: 0|req: 4/4] 61.190.213.238 () {38 vars in 643 bytes} [Wed Jun  7 23:39:04 2017] GET /admin => generated 0 bytes in 1 msecs (HTTP/1.1 301) 3 headers in 112 bytes (1 switches on core 0)
[pid: 2538|app: 0|req: 5/5] 61.190.213.238 () {38 vars in 645 bytes} [Wed Jun  7 23:39:04 2017] GET /admin/ => generated 0 bytes in 44 msecs (HTTP/1.1 302) 7 headers in 265 bytes (1 switches on core 0)
[pid: 2538|app: 0|req: 6/6] 61.190.213.238 () {38 vars in 682 bytes} [Wed Jun  7 23:39:04 2017] GET /admin/login/?next=/admin/ => generated 1650 bytes in 448 msecs (HTTP/1.1 200) 7 headers in 381 bytes (1 switches on core 0)
Not Found: /static/admin/css/base.css
[pid: 2538|app: 0|req: 7/7] 61.190.213.238 () {42 vars in 799 bytes} [Wed Jun  7 23:39:05 2017] GET /static/admin/css/base.css => generated 2109 bytes in 4 msecs (HTTP/1.1 404) 3 headers in 102 bytes (1 switches on core 0)
Not Found: /static/admin/css/login.css
[pid: 2538|app: 0|req: 8/8] 61.190.213.238 () {42 vars in 801 bytes} [Wed Jun  7 23:39:05 2017] GET /static/admin/css/login.css => generated 2112 bytes in 6 msecs (HTTP/1.1 404) 3 headers in 102 bytes (1 switches on core 0)
[pid: 2538|app: 0|req: 9/9] 61.190.213.238 () {48 vars in 980 bytes} [Wed Jun  7 23:39:25 2017] POST /admin/login/?next=/admin/ => generated 0 bytes in 202 msecs (HTTP/1.1 302) 9 headers in 531 bytes (1 switches on core 0)
[pid: 2538|app: 0|req: 10/10] 61.190.213.238 () {42 vars in 840 bytes} [Wed Jun  7 23:39:25 2017] GET /admin/ => generated 4044 bytes in 49 msecs (HTTP/1.1 200) 6 headers in 227 bytes (1 switches on core 0)
Not Found: /static/admin/css/dashboard.css
[pid: 2538|app: 0|req: 11/11] 61.190.213.238 () {42 vars in 834 bytes} [Wed Jun  7 23:39:26 2017] GET /static/admin/css/dashboard.css => generated 2124 bytes in 4 msecs (HTTP/1.1 404) 3 headers in 102 bytes (1 switches on core 0)
Not Found: /static/admin/css/base.css
[pid: 2538|app: 0|req: 12/12] 61.190.213.238 () {42 vars in 824 bytes} [Wed Jun  7 23:39:26 2017] GET /static/admin/css/base.css => generated 2109 bytes in 3 msecs (HTTP/1.1 404) 3 headers in 102 bytes (1 switches on core 0)
[pid: 2538|app: 0|req: 13/13] 61.190.213.238 () {42 vars in 867 bytes} [Wed Jun  7 23:39:31 2017] GET /admin/blog/blogpost/2/change/ => generated 5530 bytes in 122 msecs (HTTP/1.1 200) 7 headers in 381 bytes (1 switches on core 0)
Not Found: /static/admin/css/forms.css
[pid: 2538|app: 0|req: 14/14] 61.190.213.238 () {42 vars in 849 bytes} [Wed Jun  7 23:39:31 2017] GET /static/admin/css/forms.css => generated 2112 bytes in 5 msecs (HTTP/1.1 404) 3 headers in 102 bytes (1 switches on core 0)
Not Found: /static/admin/css/base.css
[pid: 2538|app: 0|req: 15/15] 61.190.213.238 () {42 vars in 847 bytes} [Wed Jun  7 23:39:31 2017] GET /static/admin/css/base.css => generated 2109 bytes in 3 msecs (HTTP/1.1 404) 3 headers in 102 bytes (1 switches on core 0)
Not Found: /static/admin/js/core.js
[pid: 2538|app: 0|req: 16/16] 61.190.213.238 () {42 vars in 863 bytes} [Wed Jun  7 23:39:31 2017] GET /static/admin/js/core.js => generated 2103 bytes in 4 msecs (HTTP/1.1 404) 3 headers in 102 bytes (1 switches on core 0)
Not Found: /static/admin/js/jquery.init.js
[pid: 2538|app: 0|req: 17/17] 61.190.213.238 () {42 vars in 877 bytes} [Wed Jun  7 23:39:31 2017] GET /static/admin/js/jquery.init.js => generated 2124 bytes in 3 msecs (HTTP/1.1 404) 3 headers in 102 bytes (1 switches on core 0)
[pid: 2538|app: 0|req: 18/18] 61.190.213.238 () {42 vars in 843 bytes} [Wed Jun  7 23:39:31 2017] GET /admin/jsi18n/ => generated 3189 bytes in 28 msecs (HTTP/1.1 200) 4 headers in 115 bytes (1 switches on core 0)
Not Found: /static/admin/js/vendor/jquery/jquery.js
[pid: 2538|app: 0|req: 19/19] 61.190.213.238 () {42 vars in 895 bytes} [Wed Jun  7 23:39:31 2017] GET /static/admin/js/vendor/jquery/jquery.js => generated 2151 bytes in 3 msecs (HTTP/1.1 404) 3 headers in 102 bytes (1 switches on core 0)
Not Found: /static/admin/js/admin/RelatedObjectLookups.js
[pid: 2538|app: 0|req: 20/20] 61.190.213.238 () {42 vars in 907 bytes} [Wed Jun  7 23:39:31 2017] GET /static/admin/js/admin/RelatedObjectLookups.js => generated 2169 bytes in 3 msecs (HTTP/1.1 404) 3 headers in 102 bytes (1 switches on core 0)
Not Found: /static/admin/js/actions.js
[pid: 2538|app: 0|req: 21/21] 61.190.213.238 () {42 vars in 869 bytes} [Wed Jun  7 23:39:31 2017] GET /static/admin/js/actions.js => generated 2112 bytes in 3 msecs (HTTP/1.1 404) 3 headers in 102 bytes (1 switches on core 0)
Not Found: /static/admin/js/prepopulate.js
[pid: 2538|app: 0|req: 22/22] 61.190.213.238 () {42 vars in 877 bytes} [Wed Jun  7 23:39:31 2017] GET /static/admin/js/prepopulate.js => generated 2124 bytes in 3 msecs (HTTP/1.1 404) 3 headers in 102 bytes (1 switches on core 0)
Not Found: /static/admin/js/urlify.js
[pid: 2538|app: 0|req: 23/23] 61.190.213.238 () {42 vars in 867 bytes} [Wed Jun  7 23:39:31 2017] GET /static/admin/js/urlify.js => generated 2109 bytes in 3 msecs (HTTP/1.1 404) 3 headers in 102 bytes (1 switches on core 0)
Not Found: /static/admin/js/vendor/xregexp/xregexp.js
[pid: 2538|app: 0|req: 24/24] 61.190.213.238 () {42 vars in 899 bytes} [Wed Jun  7 23:39:31 2017] GET /static/admin/js/vendor/xregexp/xregexp.js => generated 2157 bytes in 3 msecs (HTTP/1.1 404) 3 headers in 102 bytes (1 switches on core 0)
Not Found: /static/admin/js/calendar.js
[pid: 2538|app: 0|req: 25/25] 61.190.213.238 () {42 vars in 871 bytes} [Wed Jun  7 23:39:31 2017] GET /static/admin/js/calendar.js => generated 2115 bytes in 3 msecs (HTTP/1.1 404) 3 headers in 102 bytes (1 switches on core 0)
Not Found: /static/admin/js/admin/DateTimeShortcuts.js
[pid: 2538|app: 0|req: 26/26] 61.190.213.238 () {42 vars in 901 bytes} [Wed Jun  7 23:39:31 2017] GET /static/admin/js/admin/DateTimeShortcuts.js => generated 2160 bytes in 4 msecs (HTTP/1.1 404) 3 headers in 102 bytes (1 switches on core 0)
Not Found: /static/admin/js/change_form.js
[pid: 2538|app: 0|req: 27/27] 61.190.213.238 () {42 vars in 877 bytes} [Wed Jun  7 23:39:31 2017] GET /static/admin/js/change_form.js => generated 2124 bytes in 3 msecs (HTTP/1.1 404) 3 headers in 102 bytes (1 switches on core 0)
Not Found: /static/admin/js/prepopulate_init.js
[pid: 2538|app: 0|req: 28/28] 61.190.213.238 () {42 vars in 887 bytes} [Wed Jun  7 23:39:31 2017] GET /static/admin/js/prepopulate_init.js => generated 2139 bytes in 3 msecs (HTTP/1.1 404) 3 headers in 102 bytes (1 switches on core 0)
[pid: 2538|app: 0|req: 29/29] 61.190.213.238 () {42 vars in 840 bytes} [Wed Jun  7 23:39:35 2017] GET /admin/ => generated 4044 bytes in 25 msecs (HTTP/1.1 200) 6 headers in 227 bytes (1 switches on core 0)
Not Found: /static/admin/css/base.css
[pid: 2538|app: 0|req: 30/30] 61.190.213.238 () {42 vars in 824 bytes} [Wed Jun  7 23:39:35 2017] GET /static/admin/css/base.css => generated 2109 bytes in 4 msecs (HTTP/1.1 404) 3 headers in 102 bytes (1 switches on core 0)
Not Found: /static/admin/css/dashboard.css
[pid: 2538|app: 0|req: 31/31] 61.190.213.238 () {42 vars in 834 bytes} [Wed Jun  7 23:39:35 2017] GET /static/admin/css/dashboard.css => generated 2124 bytes in 3 msecs (HTTP/1.1 404) 3 headers in 102 bytes (1 switches on core 0)
[pid: 2538|app: 0|req: 32/32] 61.190.213.238 () {42 vars in 835 bytes} [Wed Jun  7 23:39:38 2017] GET /admin/logout/ => generated 1010 bytes in 63 msecs (HTTP/1.1 200) 6 headers in 298 bytes (1 switches on core 0)
Not Found: /static/admin/css/base.css
[pid: 2538|app: 0|req: 33/33] 61.190.213.238 () {42 vars in 787 bytes} [Wed Jun  7 23:39:39 2017] GET /static/admin/css/base.css => generated 2109 bytes in 4 msecs (HTTP/1.1 404) 3 headers in 102 bytes (1 switches on core 0)
[pid: 2538|app: 0|req: 34/34] 61.190.213.238 () {40 vars in 670 bytes} [Wed Jun  7 23:41:13 2017] GET /admin => generated 0 bytes in 0 msecs (HTTP/1.1 301) 3 headers in 112 bytes (1 switches on core 0)
[pid: 2538|app: 0|req: 35/35] 61.190.213.238 () {40 vars in 672 bytes} [Wed Jun  7 23:41:13 2017] GET /admin/ => generated 0 bytes in 1 msecs (HTTP/1.1 302) 7 headers in 265 bytes (1 switches on core 0)
[pid: 2538|app: 0|req: 36/36] 61.190.213.238 () {40 vars in 709 bytes} [Wed Jun  7 23:41:13 2017] GET /admin/login/?next=/admin/ => generated 1650 bytes in 19 msecs (HTTP/1.1 200) 7 headers in 381 bytes (1 switches on core 0)
Not Found: /static/admin/css/base.css
[pid: 2538|app: 0|req: 37/37] 61.190.213.238 () {42 vars in 770 bytes} [Wed Jun  7 23:41:13 2017] GET /static/admin/css/base.css => generated 2109 bytes in 4 msecs (HTTP/1.1 404) 3 headers in 102 bytes (1 switches on core 0)
Not Found: /static/admin/css/login.css
[pid: 2538|app: 0|req: 38/38] 61.190.213.238 () {42 vars in 772 bytes} [Wed Jun  7 23:41:14 2017] GET /static/admin/css/login.css => generated 2112 bytes in 3 msecs (HTTP/1.1 404) 3 headers in 102 bytes (1 switches on core 0)
Not Found: /favicon.ico
[pid: 2538|app: 0|req: 39/39] 61.190.213.238 () {42 vars in 727 bytes} [Wed Jun  7 23:41:14 2017] GET /favicon.ico => generated 2067 bytes in 4 msecs (HTTP/1.1 404) 3 headers in 102 bytes (1 switches on core 0)
Not Found: /azenv.php
[pid: 2538|app: 0|req: 40/40] 5.178.86.74 () {40 vars in 706 bytes} [Thu Jun  8 00:48:30 2017] POST /azenv.php?auth=149688291025&a=PSCN&i=2018283838&p=80 => generated 2125 bytes in 4 msecs (HTTP/1.1 404) 3 headers in 102 bytes (1 switches on core 0)
Not Found: /
[pid: 2538|app: 0|req: 41/41] 139.162.124.167 () {34 vars in 391 bytes} [Thu Jun  8 01:09:11 2017] GET / => generated 2016 bytes in 4 msecs (HTTP/1.1 404) 3 headers in 102 bytes (1 switches on core 0)
Not Found: /
[pid: 2538|app: 0|req: 42/42] 42.156.251.187 () {38 vars in 606 bytes} [Thu Jun  8 01:15:59 2017] GET / => generated 2016 bytes in 4 msecs (HTTP/1.0 404) 3 headers in 102 bytes (1 switches on core 0)
Not Found: /
[pid: 2538|app: 0|req: 43/43] 47.93.112.232 () {32 vars in 365 bytes} [Thu Jun  8 01:55:12 2017] GET / => generated 2018 bytes in 5 msecs (HTTP/1.1 404) 3 headers in 102 bytes (1 switches on core 0)
Not Found: /
[pid: 2538|app: 0|req: 44/44] 58.243.250.207 () {42 vars in 749 bytes} [Thu Jun  8 02:47:43 2017] GET / => generated 2016 bytes in 4 msecs (HTTP/1.1 404) 3 headers in 102 bytes (1 switches on core 0)
Not Found: /favicon.ico
[pid: 2538|app: 0|req: 45/45] 58.243.250.207 () {42 vars in 702 bytes} [Thu Jun  8 02:47:43 2017] GET /favicon.ico => generated 2067 bytes in 4 msecs (HTTP/1.1 404) 3 headers in 102 bytes (1 switches on core 0)
[pid: 2538|app: 0|req: 46/46] 58.243.250.207 () {42 vars in 757 bytes} [Thu Jun  8 02:47:51 2017] GET /blog => generated 0 bytes in 0 msecs (HTTP/1.1 301) 3 headers in 111 bytes (1 switches on core 0)
Not Found: /favicon.ico
[pid: 2538|app: 0|req: 47/47] 58.243.250.207 () {42 vars in 707 bytes} [Thu Jun  8 02:47:51 2017] GET /favicon.ico => generated 2067 bytes in 4 msecs (HTTP/1.1 404) 3 headers in 102 bytes (1 switches on core 0)
[pid: 2538|app: 0|req: 48/48] 58.243.250.207 () {42 vars in 759 bytes} [Thu Jun  8 02:47:59 2017] GET /admin => generated 0 bytes in 0 msecs (HTTP/1.1 301) 3 headers in 112 bytes (1 switches on core 0)
[pid: 2538|app: 0|req: 49/49] 58.243.250.207 () {42 vars in 761 bytes} [Thu Jun  8 02:47:59 2017] GET /admin/ => generated 0 bytes in 1 msecs (HTTP/1.1 302) 7 headers in 265 bytes (1 switches on core 0)
[pid: 2538|app: 0|req: 50/50] 58.243.250.207 () {42 vars in 798 bytes} [Thu Jun  8 02:47:59 2017] GET /admin/login/?next=/admin/ => generated 1650 bytes in 19 msecs (HTTP/1.1 200) 7 headers in 381 bytes (1 switches on core 0)
Not Found: /static/admin/css/base.css
[pid: 2538|app: 0|req: 51/51] 58.243.250.207 () {42 vars in 770 bytes} [Thu Jun  8 02:47:59 2017] GET /static/admin/css/base.css => generated 2109 bytes in 4 msecs (HTTP/1.1 404) 3 headers in 102 bytes (1 switches on core 0)
Not Found: /static/admin/css/login.css
[pid: 2538|app: 0|req: 52/52] 58.243.250.207 () {42 vars in 772 bytes} [Thu Jun  8 02:47:59 2017] GET /static/admin/css/login.css => generated 2112 bytes in 3 msecs (HTTP/1.1 404) 3 headers in 102 bytes (1 switches on core 0)
Not Found: /favicon.ico
[pid: 2538|app: 0|req: 53/53] 58.243.250.207 () {42 vars in 727 bytes} [Thu Jun  8 02:48:00 2017] GET /favicon.ico => generated 2067 bytes in 4 msecs (HTTP/1.1 404) 3 headers in 102 bytes (1 switches on core 0)
[pid: 2538|app: 0|req: 54/54] 58.243.250.207 () {52 vars in 1043 bytes} [Thu Jun  8 02:48:10 2017] POST /admin/login/?next=/admin/ => generated 0 bytes in 116 msecs (HTTP/1.1 302) 9 headers in 531 bytes (1 switches on core 0)
[pid: 2538|app: 0|req: 55/55] 58.243.250.207 () {46 vars in 898 bytes} [Thu Jun  8 02:48:10 2017] GET /admin/ => generated 4044 bytes in 35 msecs (HTTP/1.1 200) 6 headers in 227 bytes (1 switches on core 0)
Not Found: /static/admin/css/dashboard.css
[pid: 2538|app: 0|req: 56/56] 58.243.250.207 () {42 vars in 805 bytes} [Thu Jun  8 02:48:11 2017] GET /static/admin/css/dashboard.css => generated 2124 bytes in 4 msecs (HTTP/1.1 404) 3 headers in 102 bytes (1 switches on core 0)
Not Found: /static/admin/css/base.css
[pid: 2538|app: 0|req: 57/57] 58.243.250.207 () {42 vars in 795 bytes} [Thu Jun  8 02:48:11 2017] GET /static/admin/css/base.css => generated 2109 bytes in 3 msecs (HTTP/1.1 404) 3 headers in 102 bytes (1 switches on core 0)
Not Found: /
[pid: 2538|app: 0|req: 58/58] 140.205.225.194 () {34 vars in 498 bytes} [Thu Jun  8 04:38:59 2017] GET / => generated 2019 bytes in 5 msecs (HTTP/1.1 404) 3 headers in 102 bytes (1 switches on core 0)
Not Found: /wp-json/wp/v2/posts
[pid: 2538|app: 0|req: 59/59] 140.205.225.194 () {34 vars in 536 bytes} [Thu Jun  8 04:38:59 2017] GET /wp-json/wp/v2/posts => generated 2094 bytes in 4 msecs (HTTP/1.1 404) 3 headers in 102 bytes (1 switches on core 0)
Not Found: /jobs/
[pid: 2538|app: 0|req: 60/60] 140.205.225.194 () {36 vars in 509 bytes} [Thu Jun  8 04:38:59 2017] GET /jobs/ => generated 2052 bytes in 5 msecs (HTTP/1.1 404) 3 headers in 102 bytes (1 switches on core 0)
Not Found: /yhcjofspxuve
[pid: 2538|app: 0|req: 61/61] 140.205.225.194 () {38 vars in 637 bytes} [Thu Jun  8 04:39:00 2017] POST /yhcjofspxuve => generated 2074 bytes in 4 msecs (HTTP/1.1 404) 3 headers in 102 bytes (1 switches on core 0)
Not Found: /yhcjofspxuve
[pid: 2538|app: 0|req: 62/62] 140.205.225.194 () {34 vars in 522 bytes} [Thu Jun  8 04:39:00 2017] GET /yhcjofspxuve => generated 2073 bytes in 4 msecs (HTTP/1.1 404) 3 headers in 102 bytes (1 switches on core 0)
Not Found: /yhcjofspxuve
[pid: 2538|app: 0|req: 63/63] 140.205.225.194 () {34 vars in 525 bytes} [Thu Jun  8 04:39:00 2017] DELETE /yhcjofspxuve => generated 2076 bytes in 4 msecs (HTTP/1.1 404) 3 headers in 102 bytes (1 switches on core 0)
Not Found: /
[pid: 2538|app: 0|req: 64/64] 140.205.225.194 () {36 vars in 499 bytes} [Thu Jun  8 04:39:11 2017] GET / => generated 2019 bytes in 6 msecs (HTTP/1.1 404) 3 headers in 102 bytes (1 switches on core 0)
Not Found: /
[pid: 2538|app: 0|req: 65/65] 140.205.225.194 () {38 vars in 612 bytes} [Thu Jun  8 04:39:16 2017] POST / => generated 2017 bytes in 4 msecs (HTTP/1.1 404) 3 headers in 102 bytes (1 switches on core 0)
Not Found: /hwi/
[pid: 2538|app: 0|req: 66/66] 140.205.225.194 () {36 vars in 506 bytes} [Thu Jun  8 04:39:20 2017] GET /hwi/ => generated 2049 bytes in 4 msecs (HTTP/1.1 404) 3 headers in 102 bytes (1 switches on core 0)
Not Found: /clusters.jsf
[pid: 2538|app: 0|req: 67/67] 140.205.225.194 () {36 vars in 523 bytes} [Thu Jun  8 04:39:51 2017] GET /clusters.jsf => generated 2073 bytes in 4 msecs (HTTP/1.1 404) 3 headers in 102 bytes (1 switches on core 0)
Not Found: /ganglia/index.php
[pid: 2538|app: 0|req: 68/68] 140.205.225.194 () {36 vars in 533 bytes} [Thu Jun  8 04:39:53 2017] GET /ganglia/index.php => generated 2088 bytes in 4 msecs (HTTP/1.1 404) 3 headers in 102 bytes (1 switches on core 0)
Not Found: /index.php
[pid: 2538|app: 0|req: 69/69] 140.205.225.194 () {36 vars in 517 bytes} [Thu Jun  8 04:39:55 2017] GET /index.php => generated 2064 bytes in 4 msecs (HTTP/1.1 404) 3 headers in 102 bytes (1 switches on core 0)
Not Found: /rs-status
[pid: 2538|app: 0|req: 70/70] 140.205.225.194 () {36 vars in 517 bytes} [Thu Jun  8 04:39:59 2017] GET /rs-status => generated 2064 bytes in 4 msecs (HTTP/1.1 404) 3 headers in 102 bytes (1 switches on core 0)
Not Found: /master-status
[pid: 2538|app: 0|req: 71/71] 140.205.225.194 () {36 vars in 525 bytes} [Thu Jun  8 04:40:04 2017] GET /master-status => generated 2076 bytes in 4 msecs (HTTP/1.1 404) 3 headers in 102 bytes (1 switches on core 0)
Not Found: /dfshealth.html
[pid: 2538|app: 0|req: 72/72] 140.205.225.194 () {36 vars in 527 bytes} [Thu Jun  8 04:40:09 2017] GET /dfshealth.html => generated 2079 bytes in 4 msecs (HTTP/1.1 404) 3 headers in 102 bytes (1 switches on core 0)
Not Found: /about/
[pid: 2538|app: 0|req: 73/73] 140.205.225.194 () {36 vars in 511 bytes} [Thu Jun  8 04:40:26 2017] GET /about/ => generated 2055 bytes in 4 msecs (HTTP/1.1 404) 3 headers in 102 bytes (1 switches on core 0)
Not Found: /warning
[pid: 2538|app: 0|req: 74/74] 140.205.225.194 () {36 vars in 513 bytes} [Thu Jun  8 04:40:35 2017] GET /warning => generated 2058 bytes in 5 msecs (HTTP/1.1 404) 3 headers in 102 bytes (1 switches on core 0)
Not Found: /pleasereadthis
[pid: 2538|app: 0|req: 75/75] 140.205.225.194 () {36 vars in 527 bytes} [Thu Jun  8 04:40:42 2017] GET /pleasereadthis => generated 2079 bytes in 6 msecs (HTTP/1.1 404) 3 headers in 102 bytes (1 switches on core 0)
Not Found: /please_read/_search
[pid: 2538|app: 0|req: 76/76] 140.205.225.194 () {36 vars in 537 bytes} [Thu Jun  8 04:41:16 2017] GET /please_read/_search => generated 2094 bytes in 4 msecs (HTTP/1.1 404) 3 headers in 102 bytes (1 switches on core 0)
Not Found: /
[pid: 2538|app: 0|req: 77/77] 140.205.225.194 () {36 vars in 499 bytes} [Thu Jun  8 04:41:28 2017] GET / => generated 2019 bytes in 4 msecs (HTTP/1.1 404) 3 headers in 102 bytes (1 switches on core 0)
Not Found: /jenkins/
[pid: 2538|app: 0|req: 78/78] 140.205.225.194 () {36 vars in 515 bytes} [Thu Jun  8 04:41:50 2017] GET /jenkins/ => generated 2061 bytes in 4 msecs (HTTP/1.1 404) 3 headers in 102 bytes (1 switches on core 0)
Not Found: /zabbix/
[pid: 2538|app: 0|req: 79/79] 140.205.225.194 () {36 vars in 513 bytes} [Thu Jun  8 04:41:52 2017] GET /zabbix/ => generated 2058 bytes in 4 msecs (HTTP/1.1 404) 3 headers in 102 bytes (1 switches on core 0)
Not Found: /solr/
[pid: 2538|app: 0|req: 80/80] 140.205.225.194 () {36 vars in 509 bytes} [Thu Jun  8 04:41:54 2017] GET /solr/ => generated 2052 bytes in 4 msecs (HTTP/1.1 404) 3 headers in 102 bytes (1 switches on core 0)
Not Found: /info
[pid: 2538|app: 0|req: 81/81] 140.205.225.194 () {36 vars in 507 bytes} [Thu Jun  8 04:41:58 2017] GET /info => generated 2049 bytes in 7 msecs (HTTP/1.1 404) 3 headers in 102 bytes (1 switches on core 0)
Not Found: /dfshealth.jsp
[pid: 2538|app: 0|req: 82/82] 140.205.225.194 () {36 vars in 525 bytes} [Thu Jun  8 04:42:05 2017] GET /dfshealth.jsp => generated 2076 bytes in 4 msecs (HTTP/1.1 404) 3 headers in 102 bytes (1 switches on core 0)
Not Found: /hadoop/dfshealth.jsp
[pid: 2538|app: 0|req: 83/83] 140.205.225.194 () {36 vars in 539 bytes} [Thu Jun  8 04:42:06 2017] GET /hadoop/dfshealth.jsp => generated 2097 bytes in 4 msecs (HTTP/1.1 404) 3 headers in 102 bytes (1 switches on core 0)
Not Found: /azenv.php
[pid: 2538|app: 0|req: 84/84] 5.178.86.75 () {40 vars in 706 bytes} [Thu Jun  8 05:05:45 2017] POST /azenv.php?auth=149689834457&a=PSCN&i=2018283838&p=80 => generated 2125 bytes in 4 msecs (HTTP/1.1 404) 3 headers in 102 bytes (1 switches on core 0)
Not Found: /
[pid: 2538|app: 0|req: 85/85] 80.147.158.147 () {26 vars in 282 bytes} [Thu Jun  8 05:11:14 2017] GET / => generated 2016 bytes in 4 msecs (HTTP/1.0 404) 3 headers in 102 bytes (1 switches on core 0)
Not Found: /
[pid: 2538|app: 0|req: 86/86] 54.255.159.138 () {32 vars in 376 bytes} [Thu Jun  8 05:53:52 2017] GET / => generated 2016 bytes in 4 msecs (HTTP/1.1 404) 3 headers in 102 bytes (1 switches on core 0)
Not Found: /
[pid: 2538|app: 0|req: 87/87] 213.159.254.56 () {32 vars in 424 bytes} [Thu Jun  8 06:18:15 2017] GET / => generated 2018 bytes in 4 msecs (HTTP/1.1 404) 3 headers in 102 bytes (1 switches on core 0)
Not Found: /status.taobao
[pid: 2538|app: 0|req: 88/88] 121.196.226.67 () {36 vars in 459 bytes} [Thu Jun  8 08:10:36 2017] GET /status.taobao => generated 2073 bytes in 4 msecs (HTTP/1.1 404) 3 headers in 102 bytes (1 switches on core 0)
Not Found: /favicon.ico
[pid: 2538|app: 0|req: 89/89] 61.190.213.238 () {36 vars in 612 bytes} [Thu Jun  8 08:45:37 2017] GET /favicon.ico => generated 2067 bytes in 4 msecs (HTTP/1.1 404) 3 headers in 102 bytes (1 switches on core 0)
Not Found: /favicon.ico
[pid: 2538|app: 0|req: 90/90] 61.190.213.238 () {36 vars in 612 bytes} [Thu Jun  8 08:46:29 2017] GET /favicon.ico => generated 2067 bytes in 4 msecs (HTTP/1.1 404) 3 headers in 102 bytes (1 switches on core 0)
Not Found: /azenv.php
[pid: 2538|app: 0|req: 91/91] 5.178.86.75 () {40 vars in 706 bytes} [Thu Jun  8 10:01:53 2017] POST /azenv.php?auth=149691611295&a=PSCN&i=2018283838&p=80 => generated 2125 bytes in 4 msecs (HTTP/1.1 404) 3 headers in 102 bytes (1 switches on core 0)
Not Found: /
[pid: 2538|app: 0|req: 92/92] 196.52.43.59 () {30 vars in 382 bytes} [Thu Jun  8 10:25:27 2017] GET / => generated 2016 bytes in 4 msecs (HTTP/1.0 404) 3 headers in 102 bytes (1 switches on core 0)
Not Found: /
[pid: 2538|app: 0|req: 93/93] 59.110.6.177 () {32 vars in 364 bytes} [Thu Jun  8 11:02:05 2017] GET / => generated 2018 bytes in 4 msecs (HTTP/1.1 404) 3 headers in 102 bytes (1 switches on core 0)
